<?xml version="1.0" encoding="UTF-8"?>
<!-- Generated by org.testng.reporters.JUnitReportReporter -->
<testsuite hostname="Lenovo" failures="0" tests="3" name="Keyword.Enabled" time="0.019" errors="0" timestamp="2022-09-28T19:33:11 IST" skipped="1">
  <testcase classname="Keyword.Enabled" name="TC002" time="0.011"/>
  <system-out/>
  <testcase classname="Keyword.Enabled" name="TC003" time="0.008"/>
  <system-out/>
  <testcase classname="Keyword.Enabled" name="TC001">
    <skipped/>
  </testcase> <!-- TC001 -->
  <system-out/>
</testsuite> <!-- Keyword.Enabled -->
