<?xml version="1.0" encoding="UTF-8"?>
<!-- Generated by org.testng.reporters.JUnitReportReporter -->
<testsuite hostname="Lenovo" failures="0" tests="3" name="Keyword.Timeout" time="0.039" errors="0" timestamp="2022-09-29T18:15:09 IST" skipped="0">
  <testcase classname="Keyword.Timeout" name="TC003" time="0.002"/>
  <system-out/>
  <testcase classname="Keyword.Timeout" name="TC002" time="0.030"/>
  <system-out/>
  <testcase classname="Keyword.Timeout" name="TC001" time="0.007"/>
  <system-out/>
</testsuite> <!-- Keyword.Timeout -->
