<?xml version="1.0" encoding="UTF-8"?>
<!-- Generated by org.testng.reporters.JUnitReportReporter -->
<testsuite hostname="Lenovo" failures="0" tests="3" name="Keyword.Priority$Annotation" time="0.021" errors="0" timestamp="2022-09-28T20:00:53 IST" skipped="0">
  <testcase classname="Keyword.Priority$Annotation" name="TC003" time="0.010"/>
  <system-out/>
  <testcase classname="Keyword.Priority$Annotation" name="TC001" time="0.004"/>
  <system-out/>
  <testcase classname="Keyword.Priority$Annotation" name="TC002" time="0.007"/>
  <system-out/>
</testsuite> <!-- Keyword.Priority$Annotation -->
