<?xml version="1.0" encoding="UTF-8"?>
<!-- Generated by org.testng.reporters.JUnitReportReporter -->
<testsuite hostname="Lenovo" failures="0" tests="3" name="testclasses.TestClass3" time="0.010" errors="0" timestamp="2022-09-30T07:38:37 IST" skipped="0">
  <testcase classname="testclasses.TestClass3" name="TC001" time="0.008"/>
  <system-out/>
  <testcase classname="testclasses.TestClass3" name="TC002" time="0.001"/>
  <system-out/>
  <testcase classname="testclasses.TestClass3" name="TC003" time="0.001"/>
  <system-out/>
</testsuite> <!-- testclasses.TestClass3 -->
