<?xml version="1.0" encoding="UTF-8"?>
<!-- Generated by org.testng.reporters.JUnitReportReporter -->
<testsuite hostname="Lenovo" failures="0" tests="7" name="Keyword.InvocationCount" time="0.041" errors="0" timestamp="2022-09-28T19:31:02 IST" skipped="0">
  <testcase classname="Keyword.InvocationCount" name="TC002" time="0.005"/>
  <system-out/>
  <testcase classname="Keyword.InvocationCount" name="TC002" time="0.004"/>
  <system-out/>
  <testcase classname="Keyword.InvocationCount" name="TC002" time="0.004"/>
  <system-out/>
  <testcase classname="Keyword.InvocationCount" name="TC001" time="0.013"/>
  <system-out/>
  <testcase classname="Keyword.InvocationCount" name="TC002" time="0.007"/>
  <system-out/>
  <testcase classname="Keyword.InvocationCount" name="TC003" time="0.003"/>
  <system-out/>
  <testcase classname="Keyword.InvocationCount" name="TC002" time="0.005"/>
  <system-out/>
</testsuite> <!-- Keyword.InvocationCount -->
