<?xml version="1.0" encoding="UTF-8"?>
<!-- Generated by org.testng.reporters.JUnitReportReporter -->
<testsuite hostname="Lenovo" failures="0" tests="1" name="facebooktest_class.Facebook_Login_test" time="0.024" errors="0" timestamp="2022-10-03T17:31:34 IST" skipped="0">
  <testcase classname="facebooktest_class.Facebook_Login_test" name="TC001" time="0.024"/>
  <system-out/>
</testsuite> <!-- facebooktest_class.Facebook_Login_test -->
