<?xml version="1.0" encoding="UTF-8"?>
<!-- Generated by org.testng.reporters.JUnitReportReporter -->
<testsuite hostname="Lenovo" failures="0" tests="3" name="Keyword.dependsOnMethod" time="0.024" errors="0" timestamp="2022-09-28T20:03:23 IST" skipped="0">
  <testcase classname="Keyword.dependsOnMethod" name="TC003" time="0.012"/>
  <system-out/>
  <testcase classname="Keyword.dependsOnMethod" name="TC001" time="0.008"/>
  <system-out/>
  <testcase classname="Keyword.dependsOnMethod" name="TC002" time="0.004"/>
  <system-out/>
</testsuite> <!-- Keyword.dependsOnMethod -->
