<?xml version="1.0" encoding="UTF-8"?>
<!-- Generated by org.testng.reporters.JUnitReportReporter -->
<testsuite hostname="Lenovo" failures="0" tests="3" name="testclasses.TestClass1" time="4.025" errors="0" timestamp="2022-10-06T08:20:32 IST" skipped="0">
  <testcase classname="testclasses.TestClass1" name="TC001" time="1.167"/>
  <system-out/>
  <testcase classname="testclasses.TestClass1" name="TC002" time="1.802"/>
  <system-out/>
  <testcase classname="testclasses.TestClass1" name="TC003" time="1.056"/>
  <system-out/>
</testsuite> <!-- testclasses.TestClass1 -->
