<?xml version="1.0" encoding="UTF-8"?>
<!-- Generated by org.testng.reporters.JUnitReportReporter -->
<testsuite hostname="Lenovo" failures="0" tests="3" name="testclasses.TestClass2" time="0.020" errors="0" timestamp="2022-10-11T19:53:04 IST" skipped="0">
  <testcase classname="testclasses.TestClass2" name="TC003" time="0.005"/>
  <system-out/>
  <testcase classname="testclasses.TestClass2" name="TC002" time="0.005"/>
  <system-out/>
  <testcase classname="testclasses.TestClass2" name="TC001" time="0.010"/>
  <system-out/>
</testsuite> <!-- testclasses.TestClass2 -->
