<?xml version="1.0" encoding="UTF-8"?>
<!-- Generated by org.testng.reporters.JUnitReportReporter -->
<testsuite hostname="Lenovo" failures="0" tests="1" name="asertion.AseertionClassHardsoft" time="0.014" errors="0" timestamp="2022-10-04T12:38:57 IST" skipped="0">
  <testcase classname="asertion.AseertionClassHardsoft" name="TC001" time="0.014"/>
  <system-out/>
</testsuite> <!-- asertion.AseertionClassHardsoft -->
