<?xml version="1.0" encoding="UTF-8"?>
<!-- Generated by org.testng.reporters.JUnitReportReporter -->
<testsuite hostname="Lenovo" failures="0" tests="3" name="annotation.Annotation" time="0.034" errors="0" timestamp="2022-10-17T10:51:50 IST" skipped="0">
  <testcase classname="annotation.Annotation" name="TC003" time="0.006"/>
  <system-out/>
  <testcase classname="annotation.Annotation" name="TC002" time="0.013"/>
  <system-out/>
  <testcase classname="annotation.Annotation" name="TC001" time="0.015"/>
  <system-out/>
</testsuite> <!-- annotation.Annotation -->
